2025-05-07 14:46:38 - db.schema_initializer - INFO - Predefined rules initialized
2025-05-07 14:46:38 - db.schema_initializer - INFO - All tables initialized
2025-05-07 14:46:58 - db.tinydb_client - INFO - Database cache flushed to disk
2025-05-07 14:46:58 - db.tinydb_client - INFO - TinyDB connection closed
2025-05-07 14:46:59 - db.tinydb - INFO - TinyDB initialized with caching middleware at C:\Users\Tom\OneDrive\Desktop\NetPilot\NetPilot\data\netpilot.json
2025-05-07 14:46:59 - db.tinydb - INFO - TinyDB tables initialized
2025-05-07 14:47:00 - db.schema_initializer - INFO - Predefined rules initialized
2025-05-07 14:47:00 - db.schema_initializer - INFO - All tables initialized
2025-05-07 14:47:35 - db.tinydb - INFO - TinyDB connection closed
2025-05-07 14:47:35 - db.tinydb - INFO - TinyDB initialized with caching middleware at C:\Users\Tom\OneDrive\Desktop\NetPilot\NetPilot\data\netpilot.json
2025-05-07 14:47:35 - db.tinydb - INFO - TinyDB tables initialized
2025-05-07 14:47:36 - db.schema_initializer - INFO - Predefined rules initialized
2025-05-07 14:47:36 - db.schema_initializer - INFO - All tables initialized
2025-05-07 14:48:29 - db.tinydb - INFO - TinyDB connection closed
2025-05-07 14:48:30 - db.tinydb - INFO - TinyDB initialized with caching middleware at C:\Users\Tom\OneDrive\Desktop\NetPilot\NetPilot\data\netpilot.json
2025-05-07 14:48:30 - db.tinydb - INFO - TinyDB tables initialized
2025-05-07 14:48:31 - db.schema_initializer - INFO - Predefined rules initialized
2025-05-07 14:48:31 - db.schema_initializer - INFO - All tables initialized
2025-05-07 14:49:20 - db.tinydb - INFO - TinyDB connection closed
2025-05-07 14:49:21 - db.tinydb - INFO - TinyDB initialized with caching middleware at C:\Users\Tom\OneDrive\Desktop\NetPilot\NetPilot\data\netpilot.json
2025-05-07 14:49:21 - db.tinydb - INFO - TinyDB tables initialized
2025-05-07 14:49:21 - db.schema_initializer - INFO - Predefined rules initialized
2025-05-07 14:49:21 - db.schema_initializer - INFO - All tables initialized
2025-05-07 14:49:35 - db.tinydb - INFO - TinyDB connection closed
2025-05-07 14:49:36 - db.tinydb - INFO - TinyDB initialized with caching middleware at C:\Users\Tom\OneDrive\Desktop\NetPilot\NetPilot\data\netpilot.json
2025-05-07 14:49:36 - db.tinydb - INFO - TinyDB tables initialized
2025-05-07 14:49:37 - db.schema_initializer - INFO - Predefined rules initialized
2025-05-07 14:49:37 - db.schema_initializer - INFO - All tables initialized
2025-05-07 14:49:44 - db.tinydb - INFO - TinyDB connection closed
2025-05-07 14:49:45 - db.tinydb - INFO - TinyDB initialized with caching middleware at C:\Users\Tom\OneDrive\Desktop\NetPilot\NetPilot\data\netpilot.json
2025-05-07 14:49:45 - db.tinydb - INFO - TinyDB tables initialized
2025-05-07 14:49:45 - db.schema_initializer - INFO - Predefined rules initialized
2025-05-07 14:49:45 - db.schema_initializer - INFO - All tables initialized
2025-05-07 14:49:47 - db.tinydb - INFO - TinyDB initialized with caching middleware at C:\Users\Tom\OneDrive\Desktop\NetPilot\NetPilot\data\netpilot.json
2025-05-07 14:49:47 - db.tinydb - INFO - TinyDB tables initialized
2025-05-07 14:49:48 - db.schema_initializer - INFO - Predefined rules initialized
2025-05-07 14:49:48 - db.schema_initializer - INFO - All tables initialized
2025-05-07 14:49:56 - db.whitelist - INFO - Checking whitelist mode - Found settings: [{'name': 'whitelist_mode', 'value': False, 'type': 'boolean', 'default': '0', 'desc': 'Whitelist mode for bandwidth limiting'}]
2025-05-07 14:49:56 - db.whitelist - INFO - Checking whitelist mode - Setting structure: {'name': 'whitelist_mode', 'value': False, 'type': 'boolean', 'default': '0', 'desc': 'Whitelist mode for bandwidth limiting'}
2025-05-07 14:49:56 - db.whitelist - INFO - Whitelist mode using 'value' field: False
2025-05-07 14:50:16 - db.whitelist - INFO - Checking whitelist mode - Found settings: [{'name': 'whitelist_mode', 'value': False, 'type': 'boolean', 'default': '0', 'desc': 'Whitelist mode for bandwidth limiting'}]
2025-05-07 14:50:16 - db.whitelist - INFO - Checking whitelist mode - Setting structure: {'name': 'whitelist_mode', 'value': False, 'type': 'boolean', 'default': '0', 'desc': 'Whitelist mode for bandwidth limiting'}
2025-05-07 14:50:16 - db.whitelist - INFO - Whitelist mode using 'value' field: False
2025-05-07 14:50:16 - db.whitelist - INFO - Activate whitelist mode - Current settings: [{'name': 'whitelist_mode', 'value': False, 'type': 'boolean', 'default': '0', 'desc': 'Whitelist mode for bandwidth limiting'}]
2025-05-07 14:50:16 - db.whitelist - INFO - Updating setting with 'default' field
2025-05-07 14:50:16 - db.whitelist - INFO - After update, settings: [{'name': 'whitelist_mode', 'value': False, 'type': 'boolean', 'default': '1', 'desc': 'Whitelist mode for bandwidth limiting'}]
2025-05-07 14:50:16 - db.whitelist - INFO - Checking whitelist mode - Found settings: [{'name': 'whitelist_mode', 'value': False, 'type': 'boolean', 'default': '1', 'desc': 'Whitelist mode for bandwidth limiting'}]
2025-05-07 14:50:16 - db.whitelist - INFO - Checking whitelist mode - Setting structure: {'name': 'whitelist_mode', 'value': False, 'type': 'boolean', 'default': '1', 'desc': 'Whitelist mode for bandwidth limiting'}
2025-05-07 14:50:16 - db.whitelist - INFO - Whitelist mode using 'value' field: False
2025-05-07 14:51:00 - db.tinydb - INFO - TinyDB connection closed
2025-05-07 14:51:00 - db.tinydb - INFO - TinyDB connection closed
2025-05-07 15:03:38 - db.tinydb - INFO - TinyDB initialized with caching middleware at C:\Users\Tom\OneDrive\Desktop\NetPilot\NetPilot\data\netpilot.json
2025-05-07 15:03:38 - db.tinydb - INFO - TinyDB tables initialized
2025-05-07 15:03:39 - db.schema_initializer - INFO - Predefined rules initialized
2025-05-07 15:03:39 - db.schema_initializer - INFO - All tables initialized
2025-05-07 15:03:40 - db.tinydb - INFO - TinyDB initialized with caching middleware at C:\Users\Tom\OneDrive\Desktop\NetPilot\NetPilot\data\netpilot.json
2025-05-07 15:03:40 - db.tinydb - INFO - TinyDB tables initialized
2025-05-07 15:03:41 - db.schema_initializer - INFO - Predefined rules initialized
2025-05-07 15:03:41 - db.schema_initializer - INFO - All tables initialized
2025-05-07 15:03:55 - db.tinydb - INFO - TinyDB connection closed
2025-05-07 15:03:55 - db.tinydb - INFO - TinyDB initialized with caching middleware at C:\Users\Tom\OneDrive\Desktop\NetPilot\NetPilot\data\netpilot.json
2025-05-07 15:03:55 - db.tinydb - INFO - TinyDB tables initialized
2025-05-07 15:03:56 - db.schema_initializer - INFO - Predefined rules initialized
2025-05-07 15:03:56 - db.schema_initializer - INFO - All tables initialized
2025-05-07 15:04:25 - db.whitelist - INFO - Checking whitelist mode - Found settings: [{'name': 'whitelist_mode', 'value': False, 'type': 'boolean', 'default': '0', 'desc': 'Whitelist mode for bandwidth limiting'}]
2025-05-07 15:04:25 - db.whitelist - INFO - Checking whitelist mode - Setting structure: {'name': 'whitelist_mode', 'value': False, 'type': 'boolean', 'default': '0', 'desc': 'Whitelist mode for bandwidth limiting'}
2025-05-07 15:04:25 - db.whitelist - INFO - Whitelist mode status: False
2025-05-07 15:04:29 - db.whitelist - INFO - Checking whitelist mode - Found settings: [{'name': 'whitelist_mode', 'value': False, 'type': 'boolean', 'default': '0', 'desc': 'Whitelist mode for bandwidth limiting'}]
2025-05-07 15:04:29 - db.whitelist - INFO - Checking whitelist mode - Setting structure: {'name': 'whitelist_mode', 'value': False, 'type': 'boolean', 'default': '0', 'desc': 'Whitelist mode for bandwidth limiting'}
2025-05-07 15:04:29 - db.whitelist - INFO - Whitelist mode status: False
2025-05-07 15:04:29 - db.whitelist - INFO - Activating whitelist mode with standard structure
2025-05-07 15:04:29 - db.whitelist - INFO - After update, settings: [{'name': 'whitelist_mode', 'value': True, 'type': 'boolean', 'default': '0', 'desc': 'Whitelist mode for bandwidth limiting'}]
2025-05-07 15:04:29 - db.whitelist - INFO - Checking whitelist mode - Found settings: [{'name': 'whitelist_mode', 'value': True, 'type': 'boolean', 'default': '0', 'desc': 'Whitelist mode for bandwidth limiting'}]
2025-05-07 15:04:29 - db.whitelist - INFO - Checking whitelist mode - Setting structure: {'name': 'whitelist_mode', 'value': True, 'type': 'boolean', 'default': '0', 'desc': 'Whitelist mode for bandwidth limiting'}
2025-05-07 15:04:29 - db.whitelist - INFO - Whitelist mode status: True
2025-05-07 15:04:36 - db.whitelist - INFO - Checking whitelist mode - Found settings: [{'name': 'whitelist_mode', 'value': True, 'type': 'boolean', 'default': '0', 'desc': 'Whitelist mode for bandwidth limiting'}]
2025-05-07 15:04:36 - db.whitelist - INFO - Checking whitelist mode - Setting structure: {'name': 'whitelist_mode', 'value': True, 'type': 'boolean', 'default': '0', 'desc': 'Whitelist mode for bandwidth limiting'}
2025-05-07 15:04:36 - db.whitelist - INFO - Whitelist mode status: True
2025-05-07 15:04:39 - db.whitelist - INFO - Checking whitelist mode - Found settings: [{'name': 'whitelist_mode', 'value': True, 'type': 'boolean', 'default': '0', 'desc': 'Whitelist mode for bandwidth limiting'}]
2025-05-07 15:04:39 - db.whitelist - INFO - Checking whitelist mode - Setting structure: {'name': 'whitelist_mode', 'value': True, 'type': 'boolean', 'default': '0', 'desc': 'Whitelist mode for bandwidth limiting'}
2025-05-07 15:04:39 - db.whitelist - INFO - Whitelist mode status: True
2025-05-07 15:04:39 - db.whitelist - INFO - Deactivating whitelist mode with standard structure
2025-05-07 15:04:39 - db.whitelist - INFO - After update, settings: [{'name': 'whitelist_mode', 'value': False, 'type': 'boolean', 'default': '0', 'desc': 'Whitelist mode for bandwidth limiting'}]
2025-05-07 15:04:39 - db.whitelist - INFO - Checking whitelist mode - Found settings: [{'name': 'whitelist_mode', 'value': False, 'type': 'boolean', 'default': '0', 'desc': 'Whitelist mode for bandwidth limiting'}]
2025-05-07 15:04:39 - db.whitelist - INFO - Checking whitelist mode - Setting structure: {'name': 'whitelist_mode', 'value': False, 'type': 'boolean', 'default': '0', 'desc': 'Whitelist mode for bandwidth limiting'}
2025-05-07 15:04:39 - db.whitelist - INFO - Whitelist mode status: False
2025-05-07 15:05:12 - db.whitelist - INFO - Checking whitelist mode - Found settings: [{'name': 'whitelist_mode', 'value': False, 'type': 'boolean', 'default': '0', 'desc': 'Whitelist mode for bandwidth limiting'}]
2025-05-07 15:05:12 - db.whitelist - INFO - Checking whitelist mode - Setting structure: {'name': 'whitelist_mode', 'value': False, 'type': 'boolean', 'default': '0', 'desc': 'Whitelist mode for bandwidth limiting'}
2025-05-07 15:05:12 - db.whitelist - INFO - Whitelist mode status: False
2025-05-07 15:05:12 - db.whitelist - INFO - Activating whitelist mode with standard structure
2025-05-07 15:05:12 - db.whitelist - INFO - After update, settings: [{'name': 'whitelist_mode', 'value': True, 'type': 'boolean', 'default': '0', 'desc': 'Whitelist mode for bandwidth limiting'}]
2025-05-07 15:05:12 - db.whitelist - INFO - Checking whitelist mode - Found settings: [{'name': 'whitelist_mode', 'value': True, 'type': 'boolean', 'default': '0', 'desc': 'Whitelist mode for bandwidth limiting'}]
2025-05-07 15:05:12 - db.whitelist - INFO - Checking whitelist mode - Setting structure: {'name': 'whitelist_mode', 'value': True, 'type': 'boolean', 'default': '0', 'desc': 'Whitelist mode for bandwidth limiting'}
2025-05-07 15:05:12 - db.whitelist - INFO - Whitelist mode status: True
2025-05-07 15:05:28 - db.whitelist - INFO - Added device with IP 192.168.1.122 to whitelist
2025-05-07 15:05:28 - db.whitelist - INFO - Checking whitelist mode - Found settings: [{'name': 'whitelist_mode', 'value': True, 'type': 'boolean', 'default': '0', 'desc': 'Whitelist mode for bandwidth limiting'}]
2025-05-07 15:05:28 - db.whitelist - INFO - Checking whitelist mode - Setting structure: {'name': 'whitelist_mode', 'value': True, 'type': 'boolean', 'default': '0', 'desc': 'Whitelist mode for bandwidth limiting'}
2025-05-07 15:05:28 - db.whitelist - INFO - Whitelist mode status: True
2025-05-07 15:05:45 - db.whitelist - INFO - Removed device with IP 192.168.1.122 from whitelist
2025-05-07 15:05:45 - db.whitelist - INFO - Checking whitelist mode - Found settings: [{'name': 'whitelist_mode', 'value': True, 'type': 'boolean', 'default': '0', 'desc': 'Whitelist mode for bandwidth limiting'}]
2025-05-07 15:05:45 - db.whitelist - INFO - Checking whitelist mode - Setting structure: {'name': 'whitelist_mode', 'value': True, 'type': 'boolean', 'default': '0', 'desc': 'Whitelist mode for bandwidth limiting'}
2025-05-07 15:05:45 - db.whitelist - INFO - Whitelist mode status: True
2025-05-07 15:13:19 - db.whitelist - INFO - Added device with IP 192.168.1.122 to whitelist
2025-05-07 15:13:19 - db.whitelist - INFO - Checking whitelist mode - Found settings: [{'name': 'whitelist_mode', 'value': True, 'type': 'boolean', 'default': '0', 'desc': 'Whitelist mode for bandwidth limiting'}]
2025-05-07 15:13:19 - db.whitelist - INFO - Checking whitelist mode - Setting structure: {'name': 'whitelist_mode', 'value': True, 'type': 'boolean', 'default': '0', 'desc': 'Whitelist mode for bandwidth limiting'}
2025-05-07 15:13:19 - db.whitelist - INFO - Whitelist mode status: True
2025-05-07 15:13:35 - db.whitelist - INFO - Checking whitelist mode - Found settings: [{'name': 'whitelist_mode', 'value': True, 'type': 'boolean', 'default': '0', 'desc': 'Whitelist mode for bandwidth limiting'}]
2025-05-07 15:13:35 - db.whitelist - INFO - Checking whitelist mode - Setting structure: {'name': 'whitelist_mode', 'value': True, 'type': 'boolean', 'default': '0', 'desc': 'Whitelist mode for bandwidth limiting'}
2025-05-07 15:13:35 - db.whitelist - INFO - Whitelist mode status: True
2025-05-07 15:13:35 - db.whitelist - INFO - Deactivating whitelist mode with standard structure
2025-05-07 15:13:35 - db.whitelist - INFO - After update, settings: [{'name': 'whitelist_mode', 'value': False, 'type': 'boolean', 'default': '0', 'desc': 'Whitelist mode for bandwidth limiting'}]
2025-05-07 15:13:35 - db.whitelist - INFO - Checking whitelist mode - Found settings: [{'name': 'whitelist_mode', 'value': False, 'type': 'boolean', 'default': '0', 'desc': 'Whitelist mode for bandwidth limiting'}]
2025-05-07 15:13:35 - db.whitelist - INFO - Checking whitelist mode - Setting structure: {'name': 'whitelist_mode', 'value': False, 'type': 'boolean', 'default': '0', 'desc': 'Whitelist mode for bandwidth limiting'}
2025-05-07 15:13:35 - db.whitelist - INFO - Whitelist mode status: False
2025-05-07 17:58:26 - db.tinydb - INFO - TinyDB initialized with caching middleware at C:\Users\Tom\OneDrive\Desktop\NetPilot\NetPilot\data\netpilot.json
2025-05-07 17:58:26 - db.tinydb - INFO - TinyDB tables initialized
2025-05-07 17:58:27 - db.schema_initializer - INFO - Predefined rules initialized
2025-05-07 17:58:27 - db.schema_initializer - INFO - All tables initialized
2025-05-07 17:58:29 - db.tinydb - INFO - TinyDB initialized with caching middleware at C:\Users\Tom\OneDrive\Desktop\NetPilot\NetPilot\data\netpilot.json
2025-05-07 17:58:29 - db.tinydb - INFO - TinyDB tables initialized
2025-05-07 17:58:30 - db.schema_initializer - INFO - Predefined rules initialized
2025-05-07 17:58:30 - db.schema_initializer - INFO - All tables initialized
2025-05-07 18:12:30 - db.tinydb - INFO - TinyDB connection closed
2025-05-07 18:12:30 - db.tinydb - INFO - TinyDB connection closed
2025-05-07 18:12:45 - db.tinydb - INFO - TinyDB initialized with caching middleware at C:\Users\Tom\OneDrive\Desktop\NetPilot\NetPilot\data\netpilot.json
2025-05-07 18:12:45 - db.tinydb - INFO - TinyDB tables initialized
2025-05-07 18:12:46 - db.schema_initializer - INFO - Predefined rules initialized
2025-05-07 18:12:46 - db.schema_initializer - INFO - All tables initialized
2025-05-07 18:12:47 - db.tinydb - INFO - TinyDB initialized with caching middleware at C:\Users\Tom\OneDrive\Desktop\NetPilot\NetPilot\data\netpilot.json
2025-05-07 18:12:47 - db.tinydb - INFO - TinyDB tables initialized
2025-05-07 18:12:48 - db.schema_initializer - INFO - Predefined rules initialized
2025-05-07 18:12:48 - db.schema_initializer - INFO - All tables initialized
2025-05-07 18:13:57 - db.whitelist - INFO - Checking whitelist mode - Found settings: [{'name': 'whitelist_mode', 'value': False, 'type': 'boolean', 'default': '0', 'desc': 'Whitelist mode for bandwidth limiting'}]
2025-05-07 18:13:57 - db.whitelist - INFO - Checking whitelist mode - Setting structure: {'name': 'whitelist_mode', 'value': False, 'type': 'boolean', 'default': '0', 'desc': 'Whitelist mode for bandwidth limiting'}
2025-05-07 18:13:57 - db.whitelist - INFO - Whitelist mode status: False
2025-05-07 18:14:13 - db.whitelist - INFO - Checking whitelist mode - Found settings: [{'name': 'whitelist_mode', 'value': False, 'type': 'boolean', 'default': '0', 'desc': 'Whitelist mode for bandwidth limiting'}]
2025-05-07 18:14:13 - db.whitelist - INFO - Checking whitelist mode - Setting structure: {'name': 'whitelist_mode', 'value': False, 'type': 'boolean', 'default': '0', 'desc': 'Whitelist mode for bandwidth limiting'}
2025-05-07 18:14:13 - db.whitelist - INFO - Whitelist mode status: False
2025-05-07 18:14:13 - db.whitelist - INFO - Activating whitelist mode with standard structure
2025-05-07 18:14:13 - db.whitelist - INFO - After update, settings: [{'name': 'whitelist_mode', 'value': True, 'type': 'boolean', 'default': '0', 'desc': 'Whitelist mode for bandwidth limiting'}]
2025-05-07 18:14:13 - db.whitelist - INFO - Checking whitelist mode - Found settings: [{'name': 'whitelist_mode', 'value': True, 'type': 'boolean', 'default': '0', 'desc': 'Whitelist mode for bandwidth limiting'}]
2025-05-07 18:14:13 - db.whitelist - INFO - Checking whitelist mode - Setting structure: {'name': 'whitelist_mode', 'value': True, 'type': 'boolean', 'default': '0', 'desc': 'Whitelist mode for bandwidth limiting'}
2025-05-07 18:14:13 - db.whitelist - INFO - Whitelist mode status: True
2025-05-07 18:14:50 - db.whitelist - INFO - Removed device with IP 192.168.1.122 from whitelist
2025-05-07 18:14:50 - db.whitelist - INFO - Checking whitelist mode - Found settings: [{'name': 'whitelist_mode', 'value': True, 'type': 'boolean', 'default': '0', 'desc': 'Whitelist mode for bandwidth limiting'}]
2025-05-07 18:14:50 - db.whitelist - INFO - Checking whitelist mode - Setting structure: {'name': 'whitelist_mode', 'value': True, 'type': 'boolean', 'default': '0', 'desc': 'Whitelist mode for bandwidth limiting'}
2025-05-07 18:14:50 - db.whitelist - INFO - Whitelist mode status: True
2025-05-07 18:16:49 - db.whitelist - INFO - Added device with IP 192.168.1.122 to whitelist
2025-05-07 18:16:49 - db.whitelist - INFO - Checking whitelist mode - Found settings: [{'name': 'whitelist_mode', 'value': True, 'type': 'boolean', 'default': '0', 'desc': 'Whitelist mode for bandwidth limiting'}]
2025-05-07 18:16:49 - db.whitelist - INFO - Checking whitelist mode - Setting structure: {'name': 'whitelist_mode', 'value': True, 'type': 'boolean', 'default': '0', 'desc': 'Whitelist mode for bandwidth limiting'}
2025-05-07 18:16:49 - db.whitelist - INFO - Whitelist mode status: True
2025-05-07 18:19:24 - db.whitelist - INFO - Removed device with IP 192.168.1.122 from whitelist
2025-05-07 18:19:24 - db.whitelist - INFO - Checking whitelist mode - Found settings: [{'name': 'whitelist_mode', 'value': True, 'type': 'boolean', 'default': '0', 'desc': 'Whitelist mode for bandwidth limiting'}]
2025-05-07 18:19:24 - db.whitelist - INFO - Checking whitelist mode - Setting structure: {'name': 'whitelist_mode', 'value': True, 'type': 'boolean', 'default': '0', 'desc': 'Whitelist mode for bandwidth limiting'}
2025-05-07 18:19:24 - db.whitelist - INFO - Whitelist mode status: True
2025-05-08 18:18:29 - db.tinydb - INFO - TinyDB initialized with caching middleware at C:\Users\Tom\OneDrive\Desktop\NetPilot\NetPilot\data\netpilot.json
2025-05-08 18:18:29 - db.tinydb - INFO - TinyDB tables initialized
2025-05-08 18:18:31 - db.schema_initializer - INFO - Predefined rules initialized
2025-05-08 18:18:31 - db.schema_initializer - INFO - All tables initialized
2025-05-08 18:18:32 - db.tinydb - INFO - TinyDB initialized with caching middleware at C:\Users\Tom\OneDrive\Desktop\NetPilot\NetPilot\data\netpilot.json
2025-05-08 18:18:32 - db.tinydb - INFO - TinyDB tables initialized
2025-05-08 18:18:33 - db.schema_initializer - INFO - Predefined rules initialized
2025-05-08 18:18:33 - db.schema_initializer - INFO - All tables initialized
2025-05-08 18:18:35 - db.whitelist - INFO - Checking whitelist mode - Setting structure: {'name': 'whitelist_mode', 'value': True, 'type': 'boolean', 'default': '0', 'desc': 'Whitelist mode for bandwidth limiting'}
2025-05-08 18:18:35 - db.whitelist - INFO - Whitelist mode status: True
2025-05-08 18:18:35 - db.whitelist - INFO - Deactivating whitelist mode with standard structure
2025-05-08 18:18:35 - db.whitelist - INFO - After update, settings: [{'name': 'whitelist_mode', 'value': False, 'type': 'boolean', 'default': '0', 'desc': 'Whitelist mode for bandwidth limiting'}]
2025-05-08 18:18:35 - db.whitelist - INFO - Checking whitelist mode - Found settings: [{'name': 'whitelist_mode', 'value': False, 'type': 'boolean', 'default': '0', 'desc': 'Whitelist mode for bandwidth limiting'}]
2025-05-08 18:18:35 - db.whitelist - INFO - Checking whitelist mode - Setting structure: {'name': 'whitelist_mode', 'value': False, 'type': 'boolean', 'default': '0', 'desc': 'Whitelist mode for bandwidth limiting'}
2025-05-08 18:18:35 - db.whitelist - INFO - Whitelist mode status: False
2025-05-08 18:18:50 - db.tinydb - INFO - TinyDB connection closed
2025-05-08 18:18:50 - db.tinydb - INFO - TinyDB connection closed
