2025-05-07 14:50:16 - whitelist.endpoints - ERROR - Whitelist mode activation failed: setting is still inactive after update
2025-05-27 13:57:31 - whitelist.endpoints - ERROR - Error removing device from whitelist: 'Table' object has no attribute 'ip'
Traceback (most recent call last):
  File "C:\Users\Tom\OneDrive\Desktop\NetPilot\NetPilot\backend\endpoints\whitelist.py", line 88, in remove_from_whitelist_route
    removed_entry = db_client.bandwidth_whitelist.remove(db_client.bandwidth_whitelist.ip == ip)
                                                         ^^^^^^^^^^^^^^^^^^^^^^^^^^^^^^^^
AttributeError: 'Table' object has no attribute 'ip'
2025-05-27 13:58:02 - whitelist.endpoints - ERROR - Error removing device from whitelist: 'Table' object has no attribute 'ip'
Traceback (most recent call last):
  File "C:\Users\Tom\OneDrive\Desktop\NetPilot\NetPilot\backend\endpoints\whitelist.py", line 88, in remove_from_whitelist_route
    removed_entry = db_client.bandwidth_whitelist.remove(db_client.bandwidth_whitelist.ip == ip)
                                                         ^^^^^^^^^^^^^^^^^^^^^^^^^^^^^^^^
AttributeError: 'Table' object has no attribute 'ip'
2025-05-27 14:03:20 - blacklist.bandwidth - ERROR - Error retrieving blacklist: 'TinyDBClient' object has no attribute 'bandwidth_blacklist'
Traceback (most recent call last):
  File "C:\Users\Tom\OneDrive\Desktop\NetPilot\NetPilot\backend\services\blacklist_bandwidth.py", line 163, in get_blacklist_ips
    blacklist_entries = db_client.bandwidth_blacklist.all()
                        ^^^^^^^^^^^^^^^^^^^^^^^^^^^^^
AttributeError: 'TinyDBClient' object has no attribute 'bandwidth_blacklist'. Did you mean: 'bandwidth_whitelist'?
2025-05-27 14:04:29 - blacklist.bandwidth - ERROR - Error retrieving blacklist: 'TinyDBClient' object has no attribute 'bandwidth_blacklist'
Traceback (most recent call last):
  File "C:\Users\Tom\OneDrive\Desktop\NetPilot\NetPilot\backend\services\blacklist_bandwidth.py", line 163, in get_blacklist_ips
    blacklist_entries = db_client.bandwidth_blacklist.all()
                        ^^^^^^^^^^^^^^^^^^^^^^^^^^^^^
AttributeError: 'TinyDBClient' object has no attribute 'bandwidth_blacklist'. Did you mean: 'bandwidth_whitelist'?
2025-05-27 14:04:58 - blacklist.bandwidth - ERROR - Error retrieving blacklist: 'TinyDBClient' object has no attribute 'bandwidth_blacklist'
Traceback (most recent call last):
  File "C:\Users\Tom\OneDrive\Desktop\NetPilot\NetPilot\backend\services\blacklist_bandwidth.py", line 163, in get_blacklist_ips
    blacklist_entries = db_client.bandwidth_blacklist.all()
                        ^^^^^^^^^^^^^^^^^^^^^^^^^^^^^
AttributeError: 'TinyDBClient' object has no attribute 'bandwidth_blacklist'. Did you mean: 'bandwidth_whitelist'?
2025-05-27 14:05:26 - blacklist.bandwidth - ERROR - Error retrieving blacklist: 'TinyDBClient' object has no attribute 'bandwidth_blacklist'
Traceback (most recent call last):
  File "C:\Users\Tom\OneDrive\Desktop\NetPilot\NetPilot\backend\services\blacklist_bandwidth.py", line 163, in get_blacklist_ips
    blacklist_entries = db_client.bandwidth_blacklist.all()
                        ^^^^^^^^^^^^^^^^^^^^^^^^^^^^^
AttributeError: 'TinyDBClient' object has no attribute 'bandwidth_blacklist'. Did you mean: 'bandwidth_whitelist'?
2025-05-27 14:05:32 - blacklist.bandwidth - ERROR - Error retrieving blacklist: 'TinyDBClient' object has no attribute 'bandwidth_blacklist'
Traceback (most recent call last):
  File "C:\Users\Tom\OneDrive\Desktop\NetPilot\NetPilot\backend\services\blacklist_bandwidth.py", line 163, in get_blacklist_ips
    blacklist_entries = db_client.bandwidth_blacklist.all()
                        ^^^^^^^^^^^^^^^^^^^^^^^^^^^^^
AttributeError: 'TinyDBClient' object has no attribute 'bandwidth_blacklist'. Did you mean: 'bandwidth_whitelist'?
2025-05-27 14:09:44 - blacklist.bandwidth - ERROR - Error retrieving blacklist: 'TinyDBClient' object has no attribute 'bandwidth_blacklist'
Traceback (most recent call last):
  File "C:\Users\Tom\OneDrive\Desktop\NetPilot\NetPilot\backend\services\blacklist_bandwidth.py", line 163, in get_blacklist_ips
    blacklist_entries = db_client.bandwidth_blacklist.all()
                        ^^^^^^^^^^^^^^^^^^^^^^^^^^^^^
AttributeError: 'TinyDBClient' object has no attribute 'bandwidth_blacklist'. Did you mean: 'bandwidth_whitelist'?
2025-05-27 14:10:06 - blacklist.bandwidth - ERROR - Error removing device from blacklist: 'TinyDBClient' object has no attribute 'bandwidth_blacklist'
Traceback (most recent call last):
  File "C:\Users\Tom\OneDrive\Desktop\NetPilot\NetPilot\backend\services\blacklist_bandwidth.py", line 427, in remove_from_blacklist
    removed = db_client.bandwidth_blacklist.remove(Device.ip == ip)
              ^^^^^^^^^^^^^^^^^^^^^^^^^^^^^
AttributeError: 'TinyDBClient' object has no attribute 'bandwidth_blacklist'. Did you mean: 'bandwidth_whitelist'?
2025-05-27 14:10:06 - blacklist.endpoints - ERROR - Error removing device from blacklist: 'TinyDBClient' object has no attribute 'bandwidth_blacklist'
Traceback (most recent call last):
  File "C:\Users\Tom\OneDrive\Desktop\NetPilot\NetPilot\backend\endpoints\blacklist.py", line 75, in remove_from_blacklist_route
    remove_from_blacklist(ip)
  File "C:\Users\Tom\OneDrive\Desktop\NetPilot\NetPilot\backend\services\blacklist_bandwidth.py", line 427, in remove_from_blacklist
    removed = db_client.bandwidth_blacklist.remove(Device.ip == ip)
              ^^^^^^^^^^^^^^^^^^^^^^^^^^^^^
AttributeError: 'TinyDBClient' object has no attribute 'bandwidth_blacklist'. Did you mean: 'bandwidth_whitelist'?
2025-05-27 14:10:14 - blacklist.bandwidth - ERROR - Error retrieving blacklist: 'TinyDBClient' object has no attribute 'bandwidth_blacklist'
Traceback (most recent call last):
  File "C:\Users\Tom\OneDrive\Desktop\NetPilot\NetPilot\backend\services\blacklist_bandwidth.py", line 163, in get_blacklist_ips
    blacklist_entries = db_client.bandwidth_blacklist.all()
                        ^^^^^^^^^^^^^^^^^^^^^^^^^^^^^
AttributeError: 'TinyDBClient' object has no attribute 'bandwidth_blacklist'. Did you mean: 'bandwidth_whitelist'?
2025-05-27 14:10:20 - blacklist.bandwidth - ERROR - Error adding device to blacklist: 'TinyDBClient' object has no attribute 'bandwidth_blacklist'
Traceback (most recent call last):
  File "C:\Users\Tom\OneDrive\Desktop\NetPilot\NetPilot\backend\services\blacklist_bandwidth.py", line 308, in add_single_device_to_blacklist
    db_client.bandwidth_blacklist.insert(entry)
    ^^^^^^^^^^^^^^^^^^^^^^^^^^^^^
AttributeError: 'TinyDBClient' object has no attribute 'bandwidth_blacklist'. Did you mean: 'bandwidth_whitelist'?
2025-05-27 14:10:20 - blacklist.endpoints - ERROR - Error adding device to blacklist: 'TinyDBClient' object has no attribute 'bandwidth_blacklist'
Traceback (most recent call last):
  File "C:\Users\Tom\OneDrive\Desktop\NetPilot\NetPilot\backend\endpoints\blacklist.py", line 50, in add_to_blacklist_route
    device_added = add_single_device_to_blacklist(ip)
                   ^^^^^^^^^^^^^^^^^^^^^^^^^^^^^^^^^^
  File "C:\Users\Tom\OneDrive\Desktop\NetPilot\NetPilot\backend\services\blacklist_bandwidth.py", line 308, in add_single_device_to_blacklist
    db_client.bandwidth_blacklist.insert(entry)
    ^^^^^^^^^^^^^^^^^^^^^^^^^^^^^
AttributeError: 'TinyDBClient' object has no attribute 'bandwidth_blacklist'. Did you mean: 'bandwidth_whitelist'?
2025-05-27 14:34:18 - migrations.migrate_to_mac_primary - ERROR - Error migrating devices table: 'TinyDBClient' object has no attribute 'table'
2025-05-27 14:34:18 - migrations.migrate_to_mac_primary - ERROR - Migration failed: Devices table
2025-05-27 14:34:18 - __main__ - ERROR - Migration failed
2025-05-27 15:00:43 - db.blacklist - ERROR - Error adding to blacklist: Device with IP 192.168.1.122 not found in network
Traceback (most recent call last):
  File "C:\Users\Tom\OneDrive\Desktop\NetPilot\NetPilot\backend\db\blacklist_management.py", line 53, in add_to_blacklist
    raise ValueError(f"Device with IP {ip} not found in network")
ValueError: Device with IP 192.168.1.122 not found in network
2025-05-27 15:00:57 - db.blacklist - ERROR - Error removing from blacklist: Device with IP 192.168.1.122 not found in blacklist
Traceback (most recent call last):
  File "C:\Users\Tom\OneDrive\Desktop\NetPilot\NetPilot\backend\db\blacklist_management.py", line 94, in remove_from_blacklist
    raise ValueError(f"Device with IP {ip} not found in blacklist")
ValueError: Device with IP 192.168.1.122 not found in blacklist
2025-05-27 15:01:30 - db.blacklist - ERROR - Error adding to blacklist: Device with IP 192.168.1.122 not found in network
Traceback (most recent call last):
  File "C:\Users\Tom\OneDrive\Desktop\NetPilot\NetPilot\backend\db\blacklist_management.py", line 53, in add_to_blacklist
    raise ValueError(f"Device with IP {ip} not found in network")
ValueError: Device with IP 192.168.1.122 not found in network
2025-05-27 15:12:38 - db.blacklist - ERROR - Error adding to blacklist: Device with IP 192.168.1.122 not found in devices table
Traceback (most recent call last):
  File "C:\Users\Tom\OneDrive\Desktop\NetPilot\NetPilot\backend\db\blacklist_management.py", line 58, in add_to_blacklist
    raise ValueError(f"Device with IP {ip} not found in devices table")
ValueError: Device with IP 192.168.1.122 not found in devices table
2025-05-27 15:13:00 - db.blacklist - ERROR - Error adding to blacklist: Device with IP 192.168.1.122 not found in devices table
Traceback (most recent call last):
  File "C:\Users\Tom\OneDrive\Desktop\NetPilot\NetPilot\backend\db\blacklist_management.py", line 58, in add_to_blacklist
    raise ValueError(f"Device with IP {ip} not found in devices table")
ValueError: Device with IP 192.168.1.122 not found in devices table
2025-05-27 15:15:50 - db.blacklist - ERROR - Error adding to blacklist: Device with IP 192.168.1.122 not found in devices table
Traceback (most recent call last):
  File "C:\Users\Tom\OneDrive\Desktop\NetPilot\NetPilot\backend\db\blacklist_management.py", line 58, in add_to_blacklist
    raise ValueError(f"Device with IP {ip} not found in devices table")
ValueError: Device with IP 192.168.1.122 not found in devices table
2025-05-27 15:16:36 - db.blacklist - ERROR - Error adding to blacklist: Device with IP 192.168.1.122 not found in devices table
Traceback (most recent call last):
  File "C:\Users\Tom\OneDrive\Desktop\NetPilot\NetPilot\backend\db\blacklist_management.py", line 58, in add_to_blacklist
    raise ValueError(f"Device with IP {ip} not found in devices table")
ValueError: Device with IP 192.168.1.122 not found in devices table
2025-05-27 15:16:53 - db.blacklist - ERROR - Error adding to blacklist: Device with IP 192.168.1.122 not found in devices table
Traceback (most recent call last):
  File "C:\Users\Tom\OneDrive\Desktop\NetPilot\NetPilot\backend\db\blacklist_management.py", line 58, in add_to_blacklist
    raise ValueError(f"Device with IP {ip} not found in devices table")
ValueError: Device with IP 192.168.1.122 not found in devices table
2025-05-27 15:21:25 - db.blacklist - ERROR - Error adding to blacklist: Device with IP 192.168.1.122 not found in devices table
Traceback (most recent call last):
  File "C:\Users\Tom\OneDrive\Desktop\NetPilot\NetPilot\backend\db\blacklist_management.py", line 58, in add_to_blacklist
    raise ValueError(f"Device with IP {ip} not found in devices table")
ValueError: Device with IP 192.168.1.122 not found in devices table
2025-05-27 16:44:14 - services.blacklist - ERROR - Error setting up TC with iptables: string indices must be integers, not 'str'
Traceback (most recent call last):
  File "C:\Users\Tom\OneDrive\Desktop\NetPilot\NetPilot\backend\services\blacklist_service.py", line 213, in setup_tc_with_iptables
    blacklist_ips = [device['ip'] for device in get_blacklist_devices()]
                     ~~~~~~^^^^^^
TypeError: string indices must be integers, not 'str'
2025-05-27 16:44:14 - services.blacklist - ERROR - Failed to activate blacklist mode
2025-05-27 16:44:25 - services.blacklist - ERROR - Error setting up TC with iptables: string indices must be integers, not 'str'
Traceback (most recent call last):
  File "C:\Users\Tom\OneDrive\Desktop\NetPilot\NetPilot\backend\services\blacklist_service.py", line 213, in setup_tc_with_iptables
    blacklist_ips = [device['ip'] for device in get_blacklist_devices()]
                     ~~~~~~^^^^^^
TypeError: string indices must be integers, not 'str'
2025-05-27 16:44:25 - services.blacklist - ERROR - Failed to activate blacklist mode
2025-05-27 16:56:42 - services.blacklist - ERROR - Error removing device from blacklist: 'list' object has no attribute 'get'
Traceback (most recent call last):
  File "C:\Users\Tom\OneDrive\Desktop\NetPilot\NetPilot\backend\services\blacklist_service.py", line 59, in remove_device_from_blacklist
    device = get_blacklist().get(Query().ip == ip)
             ^^^^^^^^^^^^^^^^^^^
AttributeError: 'list' object has no attribute 'get'
2025-05-27 16:56:42 - blacklist.endpoints - ERROR - Error removing device from blacklist: 'list' object has no attribute 'get'
Traceback (most recent call last):
  File "C:\Users\Tom\OneDrive\Desktop\NetPilot\NetPilot\backend\endpoints\blacklist.py", line 55, in remove_from_blacklist
    result = remove_device_from_blacklist(ip)
             ^^^^^^^^^^^^^^^^^^^^^^^^^^^^^^^^
  File "C:\Users\Tom\OneDrive\Desktop\NetPilot\NetPilot\backend\services\blacklist_service.py", line 59, in remove_device_from_blacklist
    device = get_blacklist().get(Query().ip == ip)
             ^^^^^^^^^^^^^^^^^^^
AttributeError: 'list' object has no attribute 'get'
2025-05-27 16:58:56 - services.blacklist - ERROR - Error removing device from blacklist: 'list' object has no attribute 'get'
Traceback (most recent call last):
  File "C:\Users\Tom\OneDrive\Desktop\NetPilot\NetPilot\backend\services\blacklist_service.py", line 59, in remove_device_from_blacklist
    device = get_blacklist().get(Query().ip == ip)
             ^^^^^^^^^^^^^^^^^^^
AttributeError: 'list' object has no attribute 'get'
2025-05-27 16:58:56 - blacklist.endpoints - ERROR - Error removing device from blacklist: 'list' object has no attribute 'get'
Traceback (most recent call last):
  File "C:\Users\Tom\OneDrive\Desktop\NetPilot\NetPilot\backend\endpoints\blacklist.py", line 55, in remove_from_blacklist
    result = remove_device_from_blacklist(ip)
             ^^^^^^^^^^^^^^^^^^^^^^^^^^^^^^^^
  File "C:\Users\Tom\OneDrive\Desktop\NetPilot\NetPilot\backend\services\blacklist_service.py", line 59, in remove_device_from_blacklist
    device = get_blacklist().get(Query().ip == ip)
             ^^^^^^^^^^^^^^^^^^^
AttributeError: 'list' object has no attribute 'get'
2025-05-27 17:01:32 - services.blacklist - ERROR - Error removing device from blacklist: Device with IP 192.168.1.122 not found in blacklist
Traceback (most recent call last):
  File "C:\Users\Tom\OneDrive\Desktop\NetPilot\NetPilot\backend\services\blacklist_service.py", line 65, in remove_device_from_blacklist
    raise ValueError(f"Device with IP {ip} not found in blacklist")
ValueError: Device with IP 192.168.1.122 not found in blacklist
2025-05-27 17:01:32 - blacklist.endpoints - ERROR - Error removing device from blacklist: Device with IP 192.168.1.122 not found in blacklist
Traceback (most recent call last):
  File "C:\Users\Tom\OneDrive\Desktop\NetPilot\NetPilot\backend\endpoints\blacklist.py", line 55, in remove_from_blacklist
    result = remove_device_from_blacklist(ip)
             ^^^^^^^^^^^^^^^^^^^^^^^^^^^^^^^^
  File "C:\Users\Tom\OneDrive\Desktop\NetPilot\NetPilot\backend\services\blacklist_service.py", line 65, in remove_device_from_blacklist
    raise ValueError(f"Device with IP {ip} not found in blacklist")
ValueError: Device with IP 192.168.1.122 not found in blacklist
2025-05-27 17:02:08 - services.whitelist - ERROR - Error setting up TC with iptables: string indices must be integers, not 'str'
Traceback (most recent call last):
  File "C:\Users\Tom\OneDrive\Desktop\NetPilot\NetPilot\backend\services\whitelist_service.py", line 213, in setup_tc_with_iptables
    whitelist_ips = [device['ip'] for device in get_whitelist_devices()]
                     ~~~~~~^^^^^^
TypeError: string indices must be integers, not 'str'
2025-05-27 17:02:08 - services.whitelist - ERROR - Failed to activate whitelist mode
2025-05-27 19:51:07 - services.router_scanner - ERROR - Error scanning network via router: Invalid configuration name: router
Traceback (most recent call last):
  File "C:\Users\Tom\OneDrive\Desktop\NetPilot\NetPilot\backend\services\router_scanner.py", line 40, in scan_network_via_router
    config = config_manager.load_config('router')
             ^^^^^^^^^^^^^^^^^^^^^^^^^^^^^^^^^^^^
  File "C:\Users\Tom\OneDrive\Desktop\NetPilot\NetPilot\backend\utils\config_manager.py", line 69, in load_config
    raise ValueError(f"Invalid configuration name: {config_name}")
ValueError: Invalid configuration name: router
2025-05-27 19:51:07 - endpoints.network - ERROR - Error scanning network via router: Invalid configuration name: router
Traceback (most recent call last):
  File "C:\Users\Tom\OneDrive\Desktop\NetPilot\NetPilot\backend\endpoints\api.py", line 87, in scan_router
    result = scan_network_via_router()
             ^^^^^^^^^^^^^^^^^^^^^^^^^
  File "C:\Users\Tom\OneDrive\Desktop\NetPilot\NetPilot\backend\services\router_scanner.py", line 40, in scan_network_via_router
    config = config_manager.load_config('router')
             ^^^^^^^^^^^^^^^^^^^^^^^^^^^^^^^^^^^^
  File "C:\Users\Tom\OneDrive\Desktop\NetPilot\NetPilot\backend\utils\config_manager.py", line 69, in load_config
    raise ValueError(f"Invalid configuration name: {config_name}")
ValueError: Invalid configuration name: router
